Ansys Lumerical 2020 R2 Variational FDTD Solver Version 7.16.2387 (Windows 64bit)
 expires (month/day/year): 12/31/2035
using config file: Ansys Licensing set with ANSYSLMD_LICENSE_FILE
license host: 
current time: Wed Apr 23 23:28:14 2025
Running on host: Justin
All processes are communicating and ready to proceed to simulation...
Running lms file: C:\Program Files\Lumerical\v202\bin\varfdtd-engine-msmpi.exe -t 1 -remote C:/Users/justi/Jac ITB/ITB Semester 6/Optoelektronika/UTS/Copy of Mux Demux Fotonic With Ring Resonator.lms
Starting meshing
Simulation size in gridpoints: 1 x 50 x 1
Refined 0 mesh cells (0%)
Completed meshing!
Meshing complete in 0 seconds of CPU time
Starting meshing
Simulation size in gridpoints: 1 x 50 x 1
Refined 0 mesh cells (0%)
Completed meshing!
Meshing complete in 0.015625 seconds of CPU time
Starting meshing
Simulation size in gridpoints: 1 x 50 x 1
Refined 0 mesh cells (0%)
Completed meshing!
Meshing complete in 0 seconds of CPU time
Starting meshing
Simulation size in gridpoints: 1 x 50 x 1
Refined 0 mesh cells (0%)
Completed meshing!
Meshing complete in 0 seconds of CPU time
Starting meshing
Simulation size in gridpoints: 1 x 50 x 1
Refined 0 mesh cells (0%)
Completed meshing!
Meshing complete in 0 seconds of CPU time
Starting meshing
Simulation size in gridpoints: 1 x 50 x 1
Refined 0 mesh cells (0%)
Completed meshing!
Meshing complete in 0.015625 seconds of CPU time
Starting meshing
Simulation size in gridpoints: 1 x 50 x 1
Refined 0 mesh cells (0%)
Completed meshing!
Meshing complete in 0 seconds of CPU time
Starting meshing
Simulation size in gridpoints: 1 x 50 x 1
Refined 0 mesh cells (0%)
Completed meshing!
Meshing complete in 0 seconds of CPU time
Starting meshing
Simulation size in gridpoints: 1 x 50 x 1
Refined 0 mesh cells (0%)
Completed meshing!
Meshing complete in 0 seconds of CPU time
Starting meshing
Simulation size in gridpoints: 1 x 50 x 1
Refined 0 mesh cells (0%)
Completed meshing!
Meshing complete in 0.015625 seconds of CPU time
Starting meshing
Simulation size in gridpoints: 1 x 50 x 1
Refined 0 mesh cells (0%)
Completed meshing!
Meshing complete in 0 seconds of CPU time
Starting meshing
Simulation size in gridpoints: 1 x 50 x 1
Refined 0 mesh cells (0%)
Completed meshing!
Meshing complete in 0 seconds of CPU time
number of processors is 12
processors are distributed as: 4x3x1
Running TE Simulation
Starting meshing
Simulation size in gridpoints: 345 x 251 x 1
Refined 0 mesh cells (0%)
Completed meshing!
Meshing complete in 2.40625 seconds of CPU time
43936 43936
Starting meshing
Simulation size in gridpoints: 345 x 251 x 1
Refined 0 mesh cells (0%)
Completed meshing!
Meshing complete in 2.0625 seconds of CPU time
44464 44464
finished material properties
Selected kernel with optimization level: 0 and split-field propagation direction: 0
-----------------------------------------
Beginning initialization of TE Simulation
Starting to add sources to simulation
Adding TE Mode Source propagating in X
Adding TE Mode Source propagating in X
Adding TE Mode Source propagating in X
Adding TE Mode Source propagating in X
Starting to add boundary conditions to simulation
Adding TE PML BC
Adding TE parallel BC
Adding TE PML BC
Adding TE parallel BC
Starting to add monitors to Simulation
Adding analysis monitor
Adding TE DFT monitor
Adding TE Time monitor
Adding TE DFT monitor
Adding TE DFT monitor
Adding TE DFT monitor
Adding TE Time monitor
Adding TE Time monitor
Adding TE DFT monitor
Adding TE DFT monitor
Adding TE DFT monitor
Adding TE Time monitor
Adding TE DFT monitor
Adding TE DFT monitor
Adding TE DFT monitor
Finished initialization of TE Simulation
-----------------------------------------
All processes are communicating and ready to proceed to simulation...
Starting 25354 total iterations
0% complete. Max time remaining: 4 mins, 0 secs. Auto Shutoff: 1
1% complete. Max time remaining: 4 mins, 10 secs. Auto Shutoff: 1
2% complete. Max time remaining: 3 mins, 53 secs. Auto Shutoff: 1
3% complete. Max time remaining: 4 mins, 10 secs. Auto Shutoff: 1
4% complete. Max time remaining: 4 mins, 4 secs. Auto Shutoff: 1
5% complete. Max time remaining: 3 mins, 56 secs. Auto Shutoff: 1
6% complete. Max time remaining: 3 mins, 54 secs. Auto Shutoff: 1
7% complete. Max time remaining: 3 mins, 51 secs. Auto Shutoff: 1
8% complete. Max time remaining: 3 mins, 52 secs. Auto Shutoff: 1
9% complete. Max time remaining: 3 mins, 50 secs. Auto Shutoff: 1
10% complete. Max time remaining: 3 mins, 47 secs. Auto Shutoff: 1
11% complete. Max time remaining: 3 mins, 43 secs. Auto Shutoff: 0.980648
12% complete. Max time remaining: 3 mins, 38 secs. Auto Shutoff: 0.980123
13% complete. Max time remaining: 3 mins, 34 secs. Auto Shutoff: 0.997185
14% complete. Max time remaining: 3 mins, 29 secs. Auto Shutoff: 0.981232
15% complete. Max time remaining: 3 mins, 26 secs. Auto Shutoff: 0.985074
16% complete. Max time remaining: 3 mins, 22 secs. Auto Shutoff: 0.998886
17% complete. Max time remaining: 3 mins, 18 secs. Auto Shutoff: 0.982085
18% complete. Max time remaining: 3 mins, 15 secs. Auto Shutoff: 0.978267
20% complete. Max time remaining: 3 mins, 10 secs. Auto Shutoff: 0.980662
20% complete. Max time remaining: 3 mins, 8 secs. Auto Shutoff: 0.979707
22% complete. Max time remaining: 3 mins, 5 secs. Auto Shutoff: 0.978497
22% complete. Max time remaining: 3 mins, 3 secs. Auto Shutoff: 0.979881
23% complete. Max time remaining: 3 mins, 1 secs. Auto Shutoff: 0.977544
24% complete. Max time remaining: 2 mins, 59 secs. Auto Shutoff: 0.966291
25% complete. Max time remaining: 2 mins, 56 secs. Auto Shutoff: 0.995242
26% complete. Max time remaining: 2 mins, 53 secs. Auto Shutoff: 0.825454
27% complete. Max time remaining: 2 mins, 50 secs. Auto Shutoff: 0.626524
28% complete. Max time remaining: 2 mins, 46 secs. Auto Shutoff: 0.709798
29% complete. Max time remaining: 2 mins, 43 secs. Auto Shutoff: 0.711068
30% complete. Max time remaining: 2 mins, 39 secs. Auto Shutoff: 0.715499
31% complete. Max time remaining: 2 mins, 35 secs. Auto Shutoff: 0.678594
32% complete. Max time remaining: 2 mins, 32 secs. Auto Shutoff: 0.645993
33% complete. Max time remaining: 2 mins, 28 secs. Auto Shutoff: 0.5251
34% complete. Max time remaining: 2 mins, 25 secs. Auto Shutoff: 0.462097
35% complete. Max time remaining: 2 mins, 23 secs. Auto Shutoff: 0.457404
36% complete. Max time remaining: 2 mins, 20 secs. Auto Shutoff: 0.477859
37% complete. Max time remaining: 2 mins, 17 secs. Auto Shutoff: 0.485445
38% complete. Max time remaining: 2 mins, 15 secs. Auto Shutoff: 0.481921
40% complete. Max time remaining: 2 mins, 10 secs. Auto Shutoff: 0.451375
41% complete. Max time remaining: 2 mins, 7 secs. Auto Shutoff: 0.444379
42% complete. Max time remaining: 2 mins, 5 secs. Auto Shutoff: 0.439458
43% complete. Max time remaining: 2 mins, 1 secs. Auto Shutoff: 0.411122
44% complete. Max time remaining: 1 min, 59 secs. Auto Shutoff: 0.444042
45% complete. Max time remaining: 1 min, 57 secs. Auto Shutoff: 0.501486
45% complete. Max time remaining: 1 min, 55 secs. Auto Shutoff: 0.504078
46% complete. Max time remaining: 1 min, 53 secs. Auto Shutoff: 0.447669
47% complete. Max time remaining: 1 min, 51 secs. Auto Shutoff: 0.388149
48% complete. Max time remaining: 1 min, 48 secs. Auto Shutoff: 0.288052
49% complete. Max time remaining: 1 min, 46 secs. Auto Shutoff: 0.262963
50% complete. Max time remaining: 1 min, 43 secs. Auto Shutoff: 0.231527
51% complete. Max time remaining: 1 min, 41 secs. Auto Shutoff: 0.220503
52% complete. Max time remaining: 1 min, 39 secs. Auto Shutoff: 0.204019
53% complete. Max time remaining: 1 min, 37 secs. Auto Shutoff: 0.205574
54% complete. Max time remaining: 1 min, 34 secs. Auto Shutoff: 0.216457
55% complete. Max time remaining: 1 min, 32 secs. Auto Shutoff: 0.205642
57% complete. Max time remaining: 1 min, 29 secs. Auto Shutoff: 0.197175
58% complete. Max time remaining: 1 min, 27 secs. Auto Shutoff: 0.210016
58% complete. Max time remaining: 1 min, 26 secs. Auto Shutoff: 0.197441
60% complete. Max time remaining: 1 min, 23 secs. Auto Shutoff: 0.176901
61% complete. Max time remaining: 1 min, 21 secs. Auto Shutoff: 0.179652
61% complete. Max time remaining: 1 min, 20 secs. Auto Shutoff: 0.167843
62% complete. Max time remaining: 1 min, 18 secs. Auto Shutoff: 0.181255
63% complete. Max time remaining: 1 min, 16 secs. Auto Shutoff: 0.18441
65% complete. Max time remaining: 1 min, 13 secs. Auto Shutoff: 0.175731
66% complete. Max time remaining: 1 min, 11 secs. Auto Shutoff: 0.14455
66% complete. Max time remaining: 1 min, 10 secs. Auto Shutoff: 0.136156
67% complete. Max time remaining: 1 min, 7 secs. Auto Shutoff: 0.126941
68% complete. Max time remaining: 1 min, 5 secs. Auto Shutoff: 0.11316
69% complete. Max time remaining: 1 min, 3 secs. Auto Shutoff: 0.107705
70% complete. Max time remaining: 1 min, 1 secs. Auto Shutoff: 0.0999872
71% complete. Max time remaining: 59 secs. Auto Shutoff: 0.0927455
72% complete. Max time remaining: 57 secs. Auto Shutoff: 0.0974971
74% complete. Max time remaining: 54 secs. Auto Shutoff: 0.0911152
74% complete. Max time remaining: 53 secs. Auto Shutoff: 0.0956543
75% complete. Max time remaining: 51 secs. Auto Shutoff: 0.0719473
76% complete. Max time remaining: 49 secs. Auto Shutoff: 0.0731842
77% complete. Max time remaining: 47 secs. Auto Shutoff: 0.077663
79% complete. Max time remaining: 44 secs. Auto Shutoff: 0.0951336
79% complete. Max time remaining: 43 secs. Auto Shutoff: 0.097868
80% complete. Max time remaining: 40 secs. Auto Shutoff: 0.0965158
81% complete. Max time remaining: 38 secs. Auto Shutoff: 0.0900012
82% complete. Max time remaining: 36 secs. Auto Shutoff: 0.0625216
83% complete. Max time remaining: 34 secs. Auto Shutoff: 0.0596875
84% complete. Max time remaining: 32 secs. Auto Shutoff: 0.0497213
85% complete. Max time remaining: 30 secs. Auto Shutoff: 0.0454768
86% complete. Max time remaining: 28 secs. Auto Shutoff: 0.0435573
87% complete. Max time remaining: 26 secs. Auto Shutoff: 0.040321
88% complete. Max time remaining: 24 secs. Auto Shutoff: 0.0384711
89% complete. Max time remaining: 22 secs. Auto Shutoff: 0.0373623
90% complete. Max time remaining: 20 secs. Auto Shutoff: 0.0324154
92% complete. Max time remaining: 16 secs. Auto Shutoff: 0.0333613
93% complete. Max time remaining: 14 secs. Auto Shutoff: 0.0330634
93% complete. Max time remaining: 13 secs. Auto Shutoff: 0.0308563
94% complete. Max time remaining: 11 secs. Auto Shutoff: 0.0300271
95% complete. Max time remaining: 9 secs. Auto Shutoff: 0.0297348
97% complete. Max time remaining: 6 secs. Auto Shutoff: 0.0288775
98% complete. Max time remaining: 4 secs. Auto Shutoff: 0.0306502
98% complete. Max time remaining: 3 secs. Auto Shutoff: 0.0286343
99% complete. Max time remaining: 1 secs. Auto Shutoff: 0.0237285
Completed 25354 iterations, or 2.49996e-12s of Simulation Time
Process 0 starting to collect data
    collecting monitor data
    collecting source data
Finished collecting data
Simulation completed successfully at: Wed Apr 23 23:31:43 2025
Overall wall time measurements in seconds:
    time to mesh and initialize: 6
    time to run FDTD simulation: 201
    time to finalize data and save to files: 1
    FDTD solver speed: 0 Mnodes/s
    total FDTD solver speed on 12 processes: 0 Mnodes/s
